# JRE version: OpenJDK Runtime Environment Corretto-17.0.13.11.1 (17.0.13+11) (build 17.0.13+11-LTS)
# Java VM: OpenJDK 64-Bit Server VM Corretto-17.0.13.11.1 (17.0.13+11-LTS, mixed mode, emulated-client, sharing, tiered, compressed oops, compressed class ptrs, g1 gc, windows-amd64)
GC Precious Log:
 CPUs: 8 total, 8 available
 Memory: 8126M
 Large Page Support: Disabled
 NUMA Support: Disabled
 Compressed Oops: Enabled (32-bit)
 Heap Region Size: 1M
 Heap Min Capacity: 8M
 Heap Initial Capacity: 128M
 Heap Max Capacity: 2032M
 Pre-touch: Disabled
 Parallel Workers: 8
 Concurrent Workers: 2
 Concurrent Refinement Workers: 8
 Periodic GC: Disabled
Heap:
 garbage-first heap   total 131072K, used 49554K [0x0000000081000000, 0x0000000100000000)
  region size 1024K, 2 young (2048K), 2 survivors (2048K)
 Metaspace       used 84543K, committed 85184K, reserved 1179648K
  class space    used 12400K, committed 12672K, reserved 1048576K
GC Heap History (20 events):
Event: 12.050 GC heap after
{Heap after GC invocations=19 (full 0):
 garbage-first heap   total 65536K, used 34438K [0x0000000081000000, 0x0000000100000000)
  region size 1024K, 2 young (2048K), 2 survivors (2048K)
 Metaspace       used 66585K, committed 67136K, reserved 1114112K
  class space    used 9716K, committed 9984K, reserved 1048576K
}
Event: 12.301 GC heap before
{Heap before GC invocations=20 (full 0):
 garbage-first heap   total 70656K, used 51846K [0x0000000081000000, 0x0000000100000000)
  region size 1024K, 19 young (19456K), 2 survivors (2048K)
 Metaspace       used 69502K, committed 70080K, reserved 1114112K
  class space    used 10176K, committed 10432K, reserved 1048576K
}
Event: 12.303 GC heap after
{Heap after GC invocations=21 (full 0):
 garbage-first heap   total 84992K, used 35268K [0x0000000081000000, 0x0000000100000000)
  region size 1024K, 3 young (3072K), 3 survivors (3072K)
 Metaspace       used 69502K, committed 70080K, reserved 1114112K
  class space    used 10176K, committed 10432K, reserved 1048576K
}
Event: 12.817 GC heap before
{Heap before GC invocations=21 (full 0):
 garbage-first heap   total 84992K, used 65988K [0x0000000081000000, 0x0000000100000000)
  region size 1024K, 33 young (33792K), 3 survivors (3072K)
 Metaspace       used 73571K, committed 74112K, reserved 1114112K
  class space    used 10787K, committed 11072K, reserved 1048576K
}
Event: 12.820 GC heap after
{Heap after GC invocations=22 (full 0):
 garbage-first heap   total 84992K, used 39260K [0x0000000081000000, 0x0000000100000000)
  region size 1024K, 5 young (5120K), 5 survivors (5120K)
 Metaspace       used 73571K, committed 74112K, reserved 1114112K
  class space    used 10787K, committed 11072K, reserved 1048576K
}
Event: 12.894 GC heap before
{Heap before GC invocations=22 (full 0):
 garbage-first heap   total 84992K, used 66908K [0x0000000081000000, 0x0000000100000000)
  region size 1024K, 32 young (32768K), 5 survivors (5120K)
 Metaspace       used 73787K, committed 74368K, reserved 1114112K
  class space    used 10810K, committed 11072K, reserved 1048576K
}
Event: 12.898 GC heap after
{Heap after GC invocations=23 (full 0):
 garbage-first heap   total 84992K, used 40650K [0x0000000081000000, 0x0000000100000000)
  region size 1024K, 2 young (2048K), 2 survivors (2048K)
 Metaspace       used 73787K, committed 74368K, reserved 1114112K
  class space    used 10810K, committed 11072K, reserved 1048576K
}
Event: 13.120 GC heap before
{Heap before GC invocations=23 (full 0):
 garbage-first heap   total 84992K, used 67274K [0x0000000081000000, 0x0000000100000000)
  region size 1024K, 28 young (28672K), 2 survivors (2048K)
 Metaspace       used 75118K, committed 75712K, reserved 1114112K
  class space    used 11017K, committed 11264K, reserved 1048576K
}
Event: 13.123 GC heap after
{Heap after GC invocations=24 (full 0):
 garbage-first heap   total 84992K, used 42381K [0x0000000081000000, 0x0000000100000000)
  region size 1024K, 3 young (3072K), 3 survivors (3072K)
 Metaspace       used 75118K, committed 75712K, reserved 1114112K
  class space    used 11017K, committed 11264K, reserved 1048576K
}
Event: 13.527 GC heap before
{Heap before GC invocations=25 (full 0):
 garbage-first heap   total 84992K, used 66957K [0x0000000081000000, 0x0000000100000000)
  region size 1024K, 28 young (28672K), 3 survivors (3072K)
 Metaspace       used 78203K, committed 78912K, reserved 1179648K
  class space    used 11489K, committed 11840K, reserved 1048576K
}
Event: 13.530 GC heap after
{Heap after GC invocations=26 (full 0):
 garbage-first heap   total 84992K, used 44479K [0x0000000081000000, 0x0000000100000000)
  region size 1024K, 4 young (4096K), 4 survivors (4096K)
 Metaspace       used 78203K, committed 78912K, reserved 1179648K
  class space    used 11489K, committed 11840K, reserved 1048576K
}
Event: 13.946 GC heap before
{Heap before GC invocations=26 (full 0):
 garbage-first heap   total 84992K, used 68031K [0x0000000081000000, 0x0000000100000000)
  region size 1024K, 28 young (28672K), 4 survivors (4096K)
 Metaspace       used 80865K, committed 81472K, reserved 1179648K
  class space    used 11876K, committed 12160K, reserved 1048576K
}
Event: 13.951 GC heap after
{Heap after GC invocations=27 (full 0):
 garbage-first heap   total 84992K, used 47066K [0x0000000081000000, 0x0000000100000000)
  region size 1024K, 3 young (3072K), 3 survivors (3072K)
 Metaspace       used 80865K, committed 81472K, reserved 1179648K
  class space    used 11876K, committed 12160K, reserved 1048576K
}
Event: 22.942 GC heap before
{Heap before GC invocations=28 (full 0):
 garbage-first heap   total 84992K, used 67546K [0x0000000081000000, 0x0000000100000000)
  region size 1024K, 24 young (24576K), 3 survivors (3072K)
 Metaspace       used 84522K, committed 85184K, reserved 1179648K
  class space    used 12397K, committed 12672K, reserved 1048576K
}
Event: 22.946 GC heap after
{Heap after GC invocations=29 (full 0):
 garbage-first heap   total 84992K, used 48627K [0x0000000081000000, 0x0000000100000000)
  region size 1024K, 2 young (2048K), 2 survivors (2048K)
 Metaspace       used 84522K, committed 85184K, reserved 1179648K
  class space    used 12397K, committed 12672K, reserved 1048576K
}
Event: 22.950 GC heap before
{Heap before GC invocations=29 (full 0):
 garbage-first heap   total 84992K, used 50675K [0x0000000081000000, 0x0000000100000000)
  region size 1024K, 4 young (4096K), 2 survivors (2048K)
 Metaspace       used 84522K, committed 85184K, reserved 1179648K
  class space    used 12397K, committed 12672K, reserved 1048576K
}
Event: 22.952 GC heap after
{Heap after GC invocations=30 (full 0):
 garbage-first heap   total 84992K, used 48245K [0x0000000081000000, 0x0000000100000000)
  region size 1024K, 1 young (1024K), 1 survivors (1024K)
 Metaspace       used 84522K, committed 85184K, reserved 1179648K
  class space    used 12397K, committed 12672K, reserved 1048576K
}
Event: 22.977 GC heap before
{Heap before GC invocations=30 (full 0):
 garbage-first heap   total 84992K, used 68725K [0x0000000081000000, 0x0000000100000000)
  region size 1024K, 21 young (21504K), 1 survivors (1024K)
 Metaspace       used 84543K, committed 85184K, reserved 1179648K
  class space    used 12400K, committed 12672K, reserved 1048576K
}
Event: 22.978 GC heap after
{Heap after GC invocations=31 (full 0):
 garbage-first heap   total 84992K, used 48718K [0x0000000081000000, 0x0000000100000000)
  region size 1024K, 1 young (1024K), 1 survivors (1024K)
 Metaspace       used 84543K, committed 85184K, reserved 1179648K
  class space    used 12400K, committed 12672K, reserved 1048576K
}
Event: 23.014 GC heap before
{Heap before GC invocations=31 (full 0):
 garbage-first heap   total 84992K, used 70222K [0x0000000081000000, 0x0000000100000000)
  region size 1024K, 22 young (22528K), 1 survivors (1024K)
 Metaspace       used 84543K, committed 85184K, reserved 1179648K
  class space    used 12400K, committed 12672K, reserved 1048576K
}

