# JRE version: OpenJDK Runtime Environment Temurin-21.0.4+7 (21.0.4+7) (build 21.0.4+7-LTS)
# Java VM: OpenJDK 64-Bit Server VM Temurin-21.0.4+7 (21.0.4+7-LTS, mixed mode, sharing, tiered, compressed oops, compressed class ptrs, g1 gc, windows-amd64)
GC Precious Log:
 CardTable entry size: 512
 Card Set container configuration: InlinePtr #cards 5 size 8 Array Of Cards #cards 12 size 40 Howl #buckets 4 coarsen threshold 1843 Howl Bitmap #cards 512 size 80 coarsen threshold 460 Card regions per heap region 1 cards per card region 2048
 CPUs: 8 total, 8 available
 Memory: 8126M
 Large Page Support: Disabled
 NUMA Support: Disabled
 Compressed Oops: Enabled (32-bit)
 Heap Region Size: 1M
 Heap Min Capacity: 256M
 Heap Initial Capacity: 256M
 Heap Max Capacity: 512M
 Pre-touch: Disabled
 Parallel Workers: 8
 Concurrent Workers: 2
 Concurrent Refinement Workers: 8
 Periodic GC: Disabled
Heap:
 garbage-first heap   total 262144K, used 147206K [0x00000000e0000000, 0x0000000100000000)
  region size 1024K, 97 young (99328K), 20 survivors (20480K)
 Metaspace       used 57953K, committed 59776K, reserved 393216K
  class space    used 8331K, committed 9216K, reserved 327680K
GC Heap History (16 events):
Event: 2.841 GC heap before
{Heap before GC invocations=0 (full 0):
 garbage-first heap   total 262144K, used 22528K [0x00000000e0000000, 0x0000000100000000)
  region size 1024K, 23 young (23552K), 0 survivors (0K)
 Metaspace       used 1132K, committed 1280K, reserved 393216K
  class space    used 82K, committed 128K, reserved 327680K
}
Event: 2.849 GC heap after
{Heap after GC invocations=1 (full 0):
 garbage-first heap   total 262144K, used 4735K [0x00000000e0000000, 0x0000000100000000)
  region size 1024K, 3 young (3072K), 3 survivors (3072K)
 Metaspace       used 1132K, committed 1280K, reserved 393216K
  class space    used 82K, committed 128K, reserved 327680K
}
Event: 6.090 GC heap before
{Heap before GC invocations=1 (full 0):
 garbage-first heap   total 262144K, used 40575K [0x00000000e0000000, 0x0000000100000000)
  region size 1024K, 35 young (35840K), 3 survivors (3072K)
 Metaspace       used 4454K, committed 4608K, reserved 393216K
  class space    used 546K, committed 640K, reserved 327680K
}
Event: 6.096 GC heap after
{Heap after GC invocations=2 (full 0):
 garbage-first heap   total 262144K, used 12501K [0x00000000e0000000, 0x0000000100000000)
  region size 1024K, 4 young (4096K), 4 survivors (4096K)
 Metaspace       used 4454K, committed 4608K, reserved 393216K
  class space    used 546K, committed 640K, reserved 327680K
}
Event: 8.239 GC heap before
{Heap before GC invocations=2 (full 0):
 garbage-first heap   total 262144K, used 59605K [0x00000000e0000000, 0x0000000100000000)
  region size 1024K, 48 young (49152K), 4 survivors (4096K)
 Metaspace       used 5647K, committed 5888K, reserved 393216K
  class space    used 731K, committed 832K, reserved 327680K
}
Event: 8.244 GC heap after
{Heap after GC invocations=3 (full 0):
 garbage-first heap   total 262144K, used 18219K [0x00000000e0000000, 0x0000000100000000)
  region size 1024K, 5 young (5120K), 5 survivors (5120K)
 Metaspace       used 5647K, committed 5888K, reserved 393216K
  class space    used 731K, committed 832K, reserved 327680K
}
Event: 12.933 GC heap before
{Heap before GC invocations=3 (full 0):
 garbage-first heap   total 262144K, used 102187K [0x00000000e0000000, 0x0000000100000000)
  region size 1024K, 88 young (90112K), 5 survivors (5120K)
 Metaspace       used 20895K, committed 21504K, reserved 393216K
  class space    used 3000K, committed 3328K, reserved 327680K
}
Event: 12.943 GC heap after
{Heap after GC invocations=4 (full 0):
 garbage-first heap   total 262144K, used 25510K [0x00000000e0000000, 0x0000000100000000)
  region size 1024K, 12 young (12288K), 12 survivors (12288K)
 Metaspace       used 20895K, committed 21504K, reserved 393216K
  class space    used 3000K, committed 3328K, reserved 327680K
}
Event: 16.325 GC heap before
{Heap before GC invocations=5 (full 0):
 garbage-first heap   total 262144K, used 141222K [0x00000000e0000000, 0x0000000100000000)
  region size 1024K, 115 young (117760K), 12 survivors (12288K)
 Metaspace       used 34675K, committed 35968K, reserved 393216K
  class space    used 5161K, committed 5824K, reserved 327680K
}
Event: 16.338 GC heap after
{Heap after GC invocations=6 (full 0):
 garbage-first heap   total 262144K, used 45412K [0x00000000e0000000, 0x0000000100000000)
  region size 1024K, 16 young (16384K), 16 survivors (16384K)
 Metaspace       used 34675K, committed 35968K, reserved 393216K
  class space    used 5161K, committed 5824K, reserved 327680K
}
Event: 16.431 GC heap before
{Heap before GC invocations=6 (full 0):
 garbage-first heap   total 262144K, used 45412K [0x00000000e0000000, 0x0000000100000000)
  region size 1024K, 17 young (17408K), 16 survivors (16384K)
 Metaspace       used 35029K, committed 36288K, reserved 393216K
  class space    used 5194K, committed 5824K, reserved 327680K
}
Event: 16.442 GC heap after
{Heap after GC invocations=7 (full 0):
 garbage-first heap   total 262144K, used 44405K [0x00000000e0000000, 0x0000000100000000)
  region size 1024K, 9 young (9216K), 9 survivors (9216K)
 Metaspace       used 35029K, committed 36288K, reserved 393216K
  class space    used 5194K, committed 5824K, reserved 327680K
}
Event: 16.468 GC heap before
{Heap before GC invocations=7 (full 0):
 garbage-first heap   total 262144K, used 44405K [0x00000000e0000000, 0x0000000100000000)
  region size 1024K, 10 young (10240K), 9 survivors (9216K)
 Metaspace       used 35318K, committed 36608K, reserved 393216K
  class space    used 5229K, committed 5888K, reserved 327680K
}
Event: 16.473 GC heap after
{Heap after GC invocations=8 (full 0):
 garbage-first heap   total 262144K, used 44706K [0x00000000e0000000, 0x0000000100000000)
  region size 1024K, 9 young (9216K), 9 survivors (9216K)
 Metaspace       used 35318K, committed 36608K, reserved 393216K
  class space    used 5229K, committed 5888K, reserved 327680K
}
Event: 20.413 GC heap before
{Heap before GC invocations=9 (full 0):
 garbage-first heap   total 262144K, used 210594K [0x00000000e0000000, 0x0000000100000000)
  region size 1024K, 153 young (156672K), 9 survivors (9216K)
 Metaspace       used 50999K, committed 52544K, reserved 393216K
  class space    used 7295K, committed 8064K, reserved 327680K
}
Event: 20.430 GC heap after
{Heap after GC invocations=10 (full 0):
 garbage-first heap   total 262144K, used 69382K [0x00000000e0000000, 0x0000000100000000)
  region size 1024K, 20 young (20480K), 20 survivors (20480K)
 Metaspace       used 50999K, committed 52544K, reserved 393216K
  class space    used 7295K, committed 8064K, reserved 327680K
}

